==11093== Memcheck, a memory error detector
==11093== Copyright (C) 2002-2022, and GNU GPL'd, by Julian Seward et al.
==11093== Using Valgrind-3.22.0 and LibVEX; rerun with -h for copyright info
==11093== Command: ./run_tests
==11093== 
==11093== 
==11093== HEAP SUMMARY:
==11093==     in use at exit: 16,936 bytes in 9 blocks
==11093==   total heap usage: 503 allocs, 494 frees, 167,421 bytes allocated
==11093== 
==11093== 8 bytes in 1 blocks are indirectly lost in loss record 1 of 9
==11093==    at 0x4846FA3: operator new(unsigned long) (in /usr/libexec/valgrind/vgpreload_memcheck-amd64-linux.so)
==11093==    by 0x1662F5: RoleFactory::createRole(std::__cxx11::basic_string<char, std::char_traits<char>, std::allocator<char> > const&) (in /home/salome/projects/EX3/run_tests)
==11093==    by 0x16163C: Player::assignroles() (in /home/salome/projects/EX3/run_tests)
==11093==    by 0x16102E: Player::Player(std::__cxx11::basic_string<char, std::char_traits<char>, std::allocator<char> > const&) (in /home/salome/projects/EX3/run_tests)
==11093==    by 0x12C63F: makePlayer(std::__cxx11::basic_string<char, std::char_traits<char>, std::allocator<char> > const&, Role*) (in /home/salome/projects/EX3/run_tests)
==11093==    by 0x12CF65: DOCTEST_ANON_FUNC_31() (in /home/salome/projects/EX3/run_tests)
==11093==    by 0x12982C: doctest::Context::run() (in /home/salome/projects/EX3/run_tests)
==11093==    by 0x12A2F9: main (in /home/salome/projects/EX3/run_tests)
==11093== 
==11093== 32 bytes in 1 blocks are still reachable in loss record 2 of 9
==11093==    at 0x484D953: calloc (in /usr/libexec/valgrind/vgpreload_memcheck-amd64-linux.so)
==11093==    by 0x6A467A1: g_malloc0 (in /usr/lib/x86_64-linux-gnu/libglib-2.0.so.0.8000.0)
==11093==    by 0x6A273FC: ??? (in /usr/lib/x86_64-linux-gnu/libglib-2.0.so.0.8000.0)
==11093==    by 0x6A27482: g_hash_table_new_full (in /usr/lib/x86_64-linux-gnu/libglib-2.0.so.0.8000.0)
==11093==    by 0x6A02FC2: ??? (in /usr/lib/x86_64-linux-gnu/libglib-2.0.so.0.8000.0)
==11093==    by 0x400571E: call_init.part.0 (dl-init.c:74)
==11093==    by 0x4005823: call_init (dl-init.c:120)
==11093==    by 0x4005823: _dl_init (dl-init.c:121)
==11093==    by 0x401F59F: ??? (in /usr/lib/x86_64-linux-gnu/ld-linux-x86-64.so.2)
==11093== 
==11093== 32 bytes in 1 blocks are still reachable in loss record 3 of 9
==11093==    at 0x484D953: calloc (in /usr/libexec/valgrind/vgpreload_memcheck-amd64-linux.so)
==11093==    by 0x6A467A1: g_malloc0 (in /usr/lib/x86_64-linux-gnu/libglib-2.0.so.0.8000.0)
==11093==    by 0x6A273FC: ??? (in /usr/lib/x86_64-linux-gnu/libglib-2.0.so.0.8000.0)
==11093==    by 0x6A27482: g_hash_table_new_full (in /usr/lib/x86_64-linux-gnu/libglib-2.0.so.0.8000.0)
==11093==    by 0x6A02FF2: ??? (in /usr/lib/x86_64-linux-gnu/libglib-2.0.so.0.8000.0)
==11093==    by 0x400571E: call_init.part.0 (dl-init.c:74)
==11093==    by 0x4005823: call_init (dl-init.c:120)
==11093==    by 0x4005823: _dl_init (dl-init.c:121)
==11093==    by 0x401F59F: ??? (in /usr/lib/x86_64-linux-gnu/ld-linux-x86-64.so.2)
==11093== 
==11093== 64 bytes in 1 blocks are still reachable in loss record 4 of 9
==11093==    at 0x484DB80: realloc (in /usr/libexec/valgrind/vgpreload_memcheck-amd64-linux.so)
==11093==    by 0x6A46849: g_realloc (in /usr/lib/x86_64-linux-gnu/libglib-2.0.so.0.8000.0)
==11093==    by 0x6A273E7: ??? (in /usr/lib/x86_64-linux-gnu/libglib-2.0.so.0.8000.0)
==11093==    by 0x6A27482: g_hash_table_new_full (in /usr/lib/x86_64-linux-gnu/libglib-2.0.so.0.8000.0)
==11093==    by 0x6A02FC2: ??? (in /usr/lib/x86_64-linux-gnu/libglib-2.0.so.0.8000.0)
==11093==    by 0x400571E: call_init.part.0 (dl-init.c:74)
==11093==    by 0x4005823: call_init (dl-init.c:120)
==11093==    by 0x4005823: _dl_init (dl-init.c:121)
==11093==    by 0x401F59F: ??? (in /usr/lib/x86_64-linux-gnu/ld-linux-x86-64.so.2)
==11093== 
==11093== 64 bytes in 1 blocks are still reachable in loss record 5 of 9
==11093==    at 0x484DB80: realloc (in /usr/libexec/valgrind/vgpreload_memcheck-amd64-linux.so)
==11093==    by 0x6A46849: g_realloc (in /usr/lib/x86_64-linux-gnu/libglib-2.0.so.0.8000.0)
==11093==    by 0x6A273E7: ??? (in /usr/lib/x86_64-linux-gnu/libglib-2.0.so.0.8000.0)
==11093==    by 0x6A27482: g_hash_table_new_full (in /usr/lib/x86_64-linux-gnu/libglib-2.0.so.0.8000.0)
==11093==    by 0x6A02FF2: ??? (in /usr/lib/x86_64-linux-gnu/libglib-2.0.so.0.8000.0)
==11093==    by 0x400571E: call_init.part.0 (dl-init.c:74)
==11093==    by 0x4005823: call_init (dl-init.c:120)
==11093==    by 0x4005823: _dl_init (dl-init.c:121)
==11093==    by 0x401F59F: ??? (in /usr/lib/x86_64-linux-gnu/ld-linux-x86-64.so.2)
==11093== 
==11093== 96 bytes in 1 blocks are still reachable in loss record 6 of 9
==11093==    at 0x4846828: malloc (in /usr/libexec/valgrind/vgpreload_memcheck-amd64-linux.so)
==11093==    by 0x6A45AF9: g_malloc (in /usr/lib/x86_64-linux-gnu/libglib-2.0.so.0.8000.0)
==11093==    by 0x6A2744A: g_hash_table_new_full (in /usr/lib/x86_64-linux-gnu/libglib-2.0.so.0.8000.0)
==11093==    by 0x6A02FC2: ??? (in /usr/lib/x86_64-linux-gnu/libglib-2.0.so.0.8000.0)
==11093==    by 0x400571E: call_init.part.0 (dl-init.c:74)
==11093==    by 0x4005823: call_init (dl-init.c:120)
==11093==    by 0x4005823: _dl_init (dl-init.c:121)
==11093==    by 0x401F59F: ??? (in /usr/lib/x86_64-linux-gnu/ld-linux-x86-64.so.2)
==11093== 
==11093== 96 bytes in 1 blocks are still reachable in loss record 7 of 9
==11093==    at 0x4846828: malloc (in /usr/libexec/valgrind/vgpreload_memcheck-amd64-linux.so)
==11093==    by 0x6A45AF9: g_malloc (in /usr/lib/x86_64-linux-gnu/libglib-2.0.so.0.8000.0)
==11093==    by 0x6A2744A: g_hash_table_new_full (in /usr/lib/x86_64-linux-gnu/libglib-2.0.so.0.8000.0)
==11093==    by 0x6A02FF2: ??? (in /usr/lib/x86_64-linux-gnu/libglib-2.0.so.0.8000.0)
==11093==    by 0x400571E: call_init.part.0 (dl-init.c:74)
==11093==    by 0x4005823: call_init (dl-init.c:120)
==11093==    by 0x4005823: _dl_init (dl-init.c:121)
==11093==    by 0x401F59F: ??? (in /usr/lib/x86_64-linux-gnu/ld-linux-x86-64.so.2)
==11093== 
==11093== 168 (160 direct, 8 indirect) bytes in 1 blocks are definitely lost in loss record 8 of 9
==11093==    at 0x4846FA3: operator new(unsigned long) (in /usr/libexec/valgrind/vgpreload_memcheck-amd64-linux.so)
==11093==    by 0x12C627: makePlayer(std::__cxx11::basic_string<char, std::char_traits<char>, std::allocator<char> > const&, Role*) (in /home/salome/projects/EX3/run_tests)
==11093==    by 0x12CF65: DOCTEST_ANON_FUNC_31() (in /home/salome/projects/EX3/run_tests)
==11093==    by 0x12982C: doctest::Context::run() (in /home/salome/projects/EX3/run_tests)
==11093==    by 0x12A2F9: main (in /home/salome/projects/EX3/run_tests)
==11093== 
==11093== 16,384 bytes in 1 blocks are still reachable in loss record 9 of 9
==11093==    at 0x4846828: malloc (in /usr/libexec/valgrind/vgpreload_memcheck-amd64-linux.so)
==11093==    by 0x6A45AF9: g_malloc (in /usr/lib/x86_64-linux-gnu/libglib-2.0.so.0.8000.0)
==11093==    by 0x6A02FD3: ??? (in /usr/lib/x86_64-linux-gnu/libglib-2.0.so.0.8000.0)
==11093==    by 0x400571E: call_init.part.0 (dl-init.c:74)
==11093==    by 0x4005823: call_init (dl-init.c:120)
==11093==    by 0x4005823: _dl_init (dl-init.c:121)
==11093==    by 0x401F59F: ??? (in /usr/lib/x86_64-linux-gnu/ld-linux-x86-64.so.2)
==11093== 
==11093== LEAK SUMMARY:
==11093==    definitely lost: 160 bytes in 1 blocks
==11093==    indirectly lost: 8 bytes in 1 blocks
==11093==      possibly lost: 0 bytes in 0 blocks
==11093==    still reachable: 16,768 bytes in 7 blocks
==11093==         suppressed: 0 bytes in 0 blocks
==11093== 
==11093== For lists of detected and suppressed errors, rerun with: -s
==11093== ERROR SUMMARY: 1 errors from 1 contexts (suppressed: 0 from 0)
